<?xml version="1.0" encoding="UTF-8"?>
<testng-results skipped="0" failed="0" total="2" passed="2">
  <reporter-output>
  </reporter-output>
  <suite name="Surefire suite" duration-ms="20" started-at="2017-08-14T15:10:49Z" finished-at="2017-08-14T15:10:49Z">
    <groups>
    </groups>
    <test name="Surefire test" duration-ms="20" started-at="2017-08-14T15:10:49Z" finished-at="2017-08-14T15:10:49Z">
      <class name="TestClass">
        <test-method status="PASS" signature="testMethod2()[pri:0, instance:TestClass@ba2a48]" name="testMethod2" is-config="true" duration-ms="7" started-at="2017-08-14T18:10:49Z" finished-at="2017-08-14T18:10:49Z">
          <reporter-output>
          </reporter-output>
        </test-method> <!-- testMethod2 -->
        <test-method status="PASS" signature="testMethod4()[pri:0, instance:TestClass2@1b554cc]" name="testMethod4" is-config="true" duration-ms="0" started-at="2017-08-14T18:10:49Z" finished-at="2017-08-14T18:10:49Z">
          <reporter-output>
          </reporter-output>
        </test-method> <!-- testMethod4 -->
        <test-method status="PASS" signature="testMethod1()[pri:0, instance:TestClass@ba2a48]" name="testMethod1" duration-ms="1" started-at="2017-08-14T18:10:49Z" finished-at="2017-08-14T18:10:49Z">
          <reporter-output>
          </reporter-output>
        </test-method> <!-- testMethod1 -->
        <test-method status="PASS" signature="testMethod3()[pri:0, instance:TestClass@ba2a48]" name="testMethod3" is-config="true" duration-ms="0" started-at="2017-08-14T18:10:49Z" finished-at="2017-08-14T18:10:49Z">
          <reporter-output>
          </reporter-output>
        </test-method> <!-- testMethod3 -->
      </class> <!-- TestClass -->
      <class name="TestClass2">
        <test-method status="PASS" signature="testMethod3()[pri:0, instance:TestClass2@1b554cc]" name="testMethod3" duration-ms="0" started-at="2017-08-14T18:10:49Z" finished-at="2017-08-14T18:10:49Z">
          <reporter-output>
          </reporter-output>
        </test-method> <!-- testMethod3 -->
      </class> <!-- TestClass2 -->
    </test> <!-- Surefire test -->
  </suite> <!-- Surefire suite -->
</testng-results>
